0 info it worked if it ends with ok
1 verbose cli [ 'node', '/usr/local/bin/npm', 'install', 'ask-stack' ]
2 info using npm@2.8.3
3 info using node@v0.10.31
4 verbose node symlink /usr/local/bin/node
5 verbose config Skipping project config: /Users/fadie/.npmrc. (matches userconfig)
6 verbose install initial load of /Users/fadie/package.json
7 verbose installManyTop reading scoped package data from /Users/fadie/node_modules/express/package.json
8 verbose installManyTop reading scoped package data from /Users/fadie/node_modules/express-generator/package.json
9 verbose installManyTop reading scoped package data from /Users/fadie/node_modules/grunt/package.json
10 verbose installManyTop reading scoped package data from /Users/fadie/node_modules/grunt-contrib-jshint/package.json
11 verbose installManyTop reading scoped package data from /Users/fadie/node_modules/node/package.json
12 verbose installManyTop reading scoped package data from /Users/fadie/node_modules/protractor/package.json
13 warn package.json node@0.0.0 No description
14 warn package.json node@0.0.0 No repository field.
15 verbose readDependencies loading dependencies from /Users/fadie/package.json
16 silly cache add args [ 'ask-stack', null ]
17 verbose cache add spec ask-stack
18 silly cache add parsed spec { raw: 'ask-stack',
18 silly cache add   scope: null,
18 silly cache add   name: 'ask-stack',
18 silly cache add   rawSpec: '',
18 silly cache add   spec: '*',
18 silly cache add   type: 'range' }
19 silly addNamed ask-stack@*
20 verbose addNamed "*" is a valid semver range for ask-stack
21 silly addNameRange { name: 'ask-stack', range: '*', hasData: false }
22 silly mapToRegistry name ask-stack
23 silly mapToRegistry using default registry
24 silly mapToRegistry registry https://registry.npmjs.org/
25 silly mapToRegistry uri https://registry.npmjs.org/ask-stack
26 verbose addNameRange registry:https://registry.npmjs.org/ask-stack not in flight; fetching
27 verbose request uri https://registry.npmjs.org/ask-stack
28 verbose request no auth needed
29 info attempt registry request try #1 at 16:52:12
30 verbose request id d041a7b208b1efce
31 http request GET https://registry.npmjs.org/ask-stack
32 http 404 https://registry.npmjs.org/ask-stack
33 verbose headers { server: 'CouchDB/1.5.0 (Erlang OTP/R16B03)',
33 verbose headers   'content-type': 'application/json',
33 verbose headers   'cache-control': 'max-age=0',
33 verbose headers   'content-length': '51',
33 verbose headers   'accept-ranges': 'bytes',
33 verbose headers   date: 'Fri, 15 May 2015 15:52:12 GMT',
33 verbose headers   via: '1.1 varnish',
33 verbose headers   age: '0',
33 verbose headers   connection: 'keep-alive',
33 verbose headers   'x-served-by': 'cache-ams4129-AMS',
33 verbose headers   'x-cache': 'MISS',
33 verbose headers   'x-cache-hits': '0',
33 verbose headers   'x-timer': 'S1431705132.098041,VS0,VE375' }
34 silly get cb [ 404,
34 silly get   { server: 'CouchDB/1.5.0 (Erlang OTP/R16B03)',
34 silly get     'content-type': 'application/json',
34 silly get     'cache-control': 'max-age=0',
34 silly get     'content-length': '51',
34 silly get     'accept-ranges': 'bytes',
34 silly get     date: 'Fri, 15 May 2015 15:52:12 GMT',
34 silly get     via: '1.1 varnish',
34 silly get     age: '0',
34 silly get     connection: 'keep-alive',
34 silly get     'x-served-by': 'cache-ams4129-AMS',
34 silly get     'x-cache': 'MISS',
34 silly get     'x-cache-hits': '0',
34 silly get     'x-timer': 'S1431705132.098041,VS0,VE375' } ]
35 verbose stack Error: 404 Not Found: ask-stack
35 verbose stack     at CachingRegistryClient.<anonymous> (/usr/local/lib/node_modules/npm/node_modules/npm-registry-client/lib/request.js:245:14)
35 verbose stack     at Request._callback (/usr/local/lib/node_modules/npm/node_modules/npm-registry-client/lib/request.js:170:14)
35 verbose stack     at Request.self.callback (/usr/local/lib/node_modules/npm/node_modules/request/request.js:368:22)
35 verbose stack     at Request.emit (events.js:98:17)
35 verbose stack     at Request.<anonymous> (/usr/local/lib/node_modules/npm/node_modules/request/request.js:1219:14)
35 verbose stack     at Request.emit (events.js:117:20)
35 verbose stack     at IncomingMessage.<anonymous> (/usr/local/lib/node_modules/npm/node_modules/request/request.js:1167:12)
35 verbose stack     at IncomingMessage.emit (events.js:117:20)
35 verbose stack     at _stream_readable.js:943:16
35 verbose stack     at process._tickCallback (node.js:419:13)
36 verbose statusCode 404
37 verbose pkgid ask-stack
38 verbose cwd /Users/fadie/Desktop/Freelance/website
39 error Darwin 14.0.0
40 error argv "node" "/usr/local/bin/npm" "install" "ask-stack"
41 error node v0.10.31
42 error npm  v2.8.3
43 error code E404
44 error 404 Not Found: ask-stack
44 error 404
44 error 404 'ask-stack' is not in the npm registry.
44 error 404 You should bug the author to publish it (or use the name yourself!)
44 error 404
44 error 404 Note that you can also install from a
44 error 404 tarball, folder, http url, or git url.
45 verbose exit [ 1, true ]
